The target system is: PICO -  - cortex-m0plus
The host system is: Linux - 6.1.0-34-amd64 - x86_64
Compiling the C compiler identification source file "CMakeCCompilerId.c" succeeded.
Compiler: /opt/arm-toolchain/bin/arm-none-eabi-gcc 
Build flags: ;-mcpu=cortex-m0plus;-mthumb
Id flags: -c 

The output was:
0


Compilation of the C compiler identification source "CMakeCCompilerId.c" produced "CMakeCCompilerId.o"

The C compiler identification is GNU, found in "/home/monalisa/Downloads/Smestre7/sistemas-tempo-real/freertos-pico/pratica02/build/CMakeFiles/3.25.1/CompilerIdC/CMakeCCompilerId.o"

Compiling the CXX compiler identification source file "CMakeCXXCompilerId.cpp" succeeded.
Compiler: /opt/arm-toolchain/bin/arm-none-eabi-g++ 
Build flags: ;-mcpu=cortex-m0plus;-mthumb
Id flags: -c 

The output was:
0


Compilation of the CXX compiler identification source "CMakeCXXCompilerId.cpp" produced "CMakeCXXCompilerId.o"

The CXX compiler identification is GNU, found in "/home/monalisa/Downloads/Smestre7/sistemas-tempo-real/freertos-pico/pratica02/build/CMakeFiles/3.25.1/CompilerIdCXX/CMakeCXXCompilerId.o"

Checking whether the ASM compiler is GNU using "--version" matched "(GNU assembler)|(GCC)|(Free Software Foundation)":
arm-none-eabi-gcc (GNU Arm Embedded Toolchain 10.3-2021.07) 10.3.1 20210621 (release)
Copyright (C) 2020 Free Software Foundation, Inc.
This is free software; see the source for copying conditions.  There is NO
warranty; not even for MERCHANTABILITY or FITNESS FOR A PARTICULAR PURPOSE.

Detecting C compiler ABI info compiled with the following output:
Change Dir: /home/monalisa/Downloads/Smestre7/sistemas-tempo-real/freertos-pico/pratica02/build/CMakeFiles/CMakeScratch/TryCompile-M8QeCZ

Run Build Command(s):/usr/bin/gmake -f Makefile cmTC_4d7f4/fast && /usr/bin/gmake  -f CMakeFiles/cmTC_4d7f4.dir/build.make CMakeFiles/cmTC_4d7f4.dir/build
gmake[1]: Entering directory '/home/monalisa/Downloads/Smestre7/sistemas-tempo-real/freertos-pico/pratica02/build/CMakeFiles/CMakeScratch/TryCompile-M8QeCZ'
Building C object CMakeFiles/cmTC_4d7f4.dir/CMakeCCompilerABI.c.o
/opt/arm-toolchain/bin/arm-none-eabi-gcc   -mcpu=cortex-m0plus -mthumb    -v -o CMakeFiles/cmTC_4d7f4.dir/CMakeCCompilerABI.c.o -c /usr/share/cmake-3.25/Modules/CMakeCCompilerABI.c
Using built-in specs.
COLLECT_GCC=/opt/arm-toolchain/bin/arm-none-eabi-gcc
Target: arm-none-eabi
Configured with: /mnt/workspace/workspace/GCC-10-pipeline/jenkins-GCC-10-pipeline-260_20210727_1627371386/src/gcc/configure --target=arm-none-eabi --prefix=/mnt/workspace/workspace/GCC-10-pipeline/jenkins-GCC-10-pipeline-260_20210727_1627371386/install-native --libexecdir=/mnt/workspace/workspace/GCC-10-pipeline/jenkins-GCC-10-pipeline-260_20210727_1627371386/install-native/lib --infodir=/mnt/workspace/workspace/GCC-10-pipeline/jenkins-GCC-10-pipeline-260_20210727_1627371386/install-native/share/doc/gcc-arm-none-eabi/info --mandir=/mnt/workspace/workspace/GCC-10-pipeline/jenkins-GCC-10-pipeline-260_20210727_1627371386/install-native/share/doc/gcc-arm-none-eabi/man --htmldir=/mnt/workspace/workspace/GCC-10-pipeline/jenkins-GCC-10-pipeline-260_20210727_1627371386/install-native/share/doc/gcc-arm-none-eabi/html --pdfdir=/mnt/workspace/workspace/GCC-10-pipeline/jenkins-GCC-10-pipeline-260_20210727_1627371386/install-native/share/doc/gcc-arm-none-eabi/pdf --enable-languages=c,c++ --enable-plugins --disable-decimal-float --disable-libffi --disable-libgomp --disable-libmudflap --disable-libquadmath --disable-libssp --disable-libstdcxx-pch --disable-nls --disable-shared --disable-threads --disable-tls --with-gnu-as --with-gnu-ld --with-newlib --with-headers=yes --with-python-dir=share/gcc-arm-none-eabi --with-sysroot=/mnt/workspace/workspace/GCC-10-pipeline/jenkins-GCC-10-pipeline-260_20210727_1627371386/install-native/arm-none-eabi --build=x86_64-linux-gnu --host=x86_64-linux-gnu --with-gmp=/mnt/workspace/workspace/GCC-10-pipeline/jenkins-GCC-10-pipeline-260_20210727_1627371386/build-native/host-libs/usr --with-mpfr=/mnt/workspace/workspace/GCC-10-pipeline/jenkins-GCC-10-pipeline-260_20210727_1627371386/build-native/host-libs/usr --with-mpc=/mnt/workspace/workspace/GCC-10-pipeline/jenkins-GCC-10-pipeline-260_20210727_1627371386/build-native/host-libs/usr --with-isl=/mnt/workspace/workspace/GCC-10-pipeline/jenkins-GCC-10-pipeline-260_20210727_1627371386/build-native/host-libs/usr --with-libelf=/mnt/workspace/workspace/GCC-10-pipeline/jenkins-GCC-10-pipeline-260_20210727_1627371386/build-native/host-libs/usr --with-host-libstdcxx='-static-libgcc -Wl,-Bstatic,-lstdc++,-Bdynamic -lm' --with-pkgversion='GNU Arm Embedded Toolchain 10.3-2021.07' --with-multilib-list=rmprofile,aprofile
Thread model: single
Supported LTO compression algorithms: zlib
gcc version 10.3.1 20210621 (release) (GNU Arm Embedded Toolchain 10.3-2021.07) 
COLLECT_GCC_OPTIONS='-mcpu=cortex-m0plus' '-mthumb' '-v' '-o' 'CMakeFiles/cmTC_4d7f4.dir/CMakeCCompilerABI.c.o' '-c' '-mfloat-abi=soft' '-mlibarch=armv6s-m' '-march=armv6s-m'
 /opt/arm-toolchain/bin/../lib/gcc/arm-none-eabi/10.3.1/cc1 -quiet -v -imultilib thumb/v6-m/nofp -iprefix /opt/arm-toolchain/bin/../lib/gcc/arm-none-eabi/10.3.1/ -isysroot /opt/arm-toolchain/bin/../arm-none-eabi -D__USES_INITFINI__ /usr/share/cmake-3.25/Modules/CMakeCCompilerABI.c -quiet -dumpbase CMakeCCompilerABI.c -mcpu=cortex-m0plus -mthumb -mfloat-abi=soft -mlibarch=armv6s-m -march=armv6s-m -auxbase-strip CMakeFiles/cmTC_4d7f4.dir/CMakeCCompilerABI.c.o -version -o /tmp/ccaubZZ8.s
GNU C17 (GNU Arm Embedded Toolchain 10.3-2021.07) version 10.3.1 20210621 (release) (arm-none-eabi)
	compiled by GNU C version 4.8.4, GMP version 6.1.0, MPFR version 3.1.4, MPC version 1.0.3, isl version isl-0.18-GMP

GGC heuristics: --param ggc-min-expand=100 --param ggc-min-heapsize=131072
ignoring duplicate directory "/opt/arm-toolchain/bin/../lib/gcc/../../lib/gcc/arm-none-eabi/10.3.1/include"
ignoring nonexistent directory "/opt/arm-toolchain/bin/../arm-none-eabi/usr/local/include"
ignoring duplicate directory "/opt/arm-toolchain/bin/../lib/gcc/../../lib/gcc/arm-none-eabi/10.3.1/include-fixed"
ignoring duplicate directory "/opt/arm-toolchain/bin/../lib/gcc/../../lib/gcc/arm-none-eabi/10.3.1/../../../../arm-none-eabi/include"
ignoring nonexistent directory "/opt/arm-toolchain/bin/../arm-none-eabi/usr/include"
#include "..." search starts here:
#include <...> search starts here:
 /opt/arm-toolchain/bin/../lib/gcc/arm-none-eabi/10.3.1/include
 /opt/arm-toolchain/bin/../lib/gcc/arm-none-eabi/10.3.1/include-fixed
 /opt/arm-toolchain/bin/../lib/gcc/arm-none-eabi/10.3.1/../../../../arm-none-eabi/include
End of search list.
GNU C17 (GNU Arm Embedded Toolchain 10.3-2021.07) version 10.3.1 20210621 (release) (arm-none-eabi)
	compiled by GNU C version 4.8.4, GMP version 6.1.0, MPFR version 3.1.4, MPC version 1.0.3, isl version isl-0.18-GMP

GGC heuristics: --param ggc-min-expand=100 --param ggc-min-heapsize=131072
Compiler executable checksum: 0ae10b4fdb68a799c7765007746184f2
COLLECT_GCC_OPTIONS='-mcpu=cortex-m0plus' '-mthumb' '-v' '-o' 'CMakeFiles/cmTC_4d7f4.dir/CMakeCCompilerABI.c.o' '-c' '-mfloat-abi=soft' '-mlibarch=armv6s-m' '-march=armv6s-m'
 /opt/arm-toolchain/bin/../lib/gcc/arm-none-eabi/10.3.1/../../../../arm-none-eabi/bin/as -v -march=armv6s-m -mfloat-abi=soft -meabi=5 -o CMakeFiles/cmTC_4d7f4.dir/CMakeCCompilerABI.c.o /tmp/ccaubZZ8.s
GNU assembler version 2.36.1 (arm-none-eabi) using BFD version (GNU Arm Embedded Toolchain 10.3-2021.07) 2.36.1.20210621
COMPILER_PATH=/opt/arm-toolchain/bin/../lib/gcc/arm-none-eabi/10.3.1/:/opt/arm-toolchain/bin/../lib/gcc/:/opt/arm-toolchain/bin/../lib/gcc/arm-none-eabi/10.3.1/../../../../arm-none-eabi/bin/
LIBRARY_PATH=/opt/arm-toolchain/bin/../lib/gcc/arm-none-eabi/10.3.1/thumb/v6-m/nofp/:/opt/arm-toolchain/bin/../lib/gcc/arm-none-eabi/10.3.1/../../../../arm-none-eabi/lib/thumb/v6-m/nofp/:/opt/arm-toolchain/bin/../arm-none-eabi/lib/thumb/v6-m/nofp/:/opt/arm-toolchain/bin/../lib/gcc/arm-none-eabi/10.3.1/:/opt/arm-toolchain/bin/../lib/gcc/:/opt/arm-toolchain/bin/../lib/gcc/arm-none-eabi/10.3.1/../../../../arm-none-eabi/lib/:/opt/arm-toolchain/bin/../arm-none-eabi/lib/
COLLECT_GCC_OPTIONS='-mcpu=cortex-m0plus' '-mthumb' '-v' '-o' 'CMakeFiles/cmTC_4d7f4.dir/CMakeCCompilerABI.c.o' '-c' '-mfloat-abi=soft' '-mlibarch=armv6s-m' '-march=armv6s-m'
Linking C executable cmTC_4d7f4.elf
/usr/bin/cmake -E cmake_link_script CMakeFiles/cmTC_4d7f4.dir/link.txt --verbose=1
/opt/arm-toolchain/bin/arm-none-eabi-gcc -mcpu=cortex-m0plus -mthumb  -Wl,--build-id=none -nostdlib  -v CMakeFiles/cmTC_4d7f4.dir/CMakeCCompilerABI.c.o -o cmTC_4d7f4.elf 
Using built-in specs.
COLLECT_GCC=/opt/arm-toolchain/bin/arm-none-eabi-gcc
COLLECT_LTO_WRAPPER=/opt/arm-toolchain/bin/../lib/gcc/arm-none-eabi/10.3.1/lto-wrapper
Target: arm-none-eabi
Configured with: /mnt/workspace/workspace/GCC-10-pipeline/jenkins-GCC-10-pipeline-260_20210727_1627371386/src/gcc/configure --target=arm-none-eabi --prefix=/mnt/workspace/workspace/GCC-10-pipeline/jenkins-GCC-10-pipeline-260_20210727_1627371386/install-native --libexecdir=/mnt/workspace/workspace/GCC-10-pipeline/jenkins-GCC-10-pipeline-260_20210727_1627371386/install-native/lib --infodir=/mnt/workspace/workspace/GCC-10-pipeline/jenkins-GCC-10-pipeline-260_20210727_1627371386/install-native/share/doc/gcc-arm-none-eabi/info --mandir=/mnt/workspace/workspace/GCC-10-pipeline/jenkins-GCC-10-pipeline-260_20210727_1627371386/install-native/share/doc/gcc-arm-none-eabi/man --htmldir=/mnt/workspace/workspace/GCC-10-pipeline/jenkins-GCC-10-pipeline-260_20210727_1627371386/install-native/share/doc/gcc-arm-none-eabi/html --pdfdir=/mnt/workspace/workspace/GCC-10-pipeline/jenkins-GCC-10-pipeline-260_20210727_1627371386/install-native/share/doc/gcc-arm-none-eabi/pdf --enable-languages=c,c++ --enable-plugins --disable-decimal-float --disable-libffi --disable-libgomp --disable-libmudflap --disable-libquadmath --disable-libssp --disable-libstdcxx-pch --disable-nls --disable-shared --disable-threads --disable-tls --with-gnu-as --with-gnu-ld --with-newlib --with-headers=yes --with-python-dir=share/gcc-arm-none-eabi --with-sysroot=/mnt/workspace/workspace/GCC-10-pipeline/jenkins-GCC-10-pipeline-260_20210727_1627371386/install-native/arm-none-eabi --build=x86_64-linux-gnu --host=x86_64-linux-gnu --with-gmp=/mnt/workspace/workspace/GCC-10-pipeline/jenkins-GCC-10-pipeline-260_20210727_1627371386/build-native/host-libs/usr --with-mpfr=/mnt/workspace/workspace/GCC-10-pipeline/jenkins-GCC-10-pipeline-260_20210727_1627371386/build-native/host-libs/usr --with-mpc=/mnt/workspace/workspace/GCC-10-pipeline/jenkins-GCC-10-pipeline-260_20210727_1627371386/build-native/host-libs/usr --with-isl=/mnt/workspace/workspace/GCC-10-pipeline/jenkins-GCC-10-pipeline-260_20210727_1627371386/build-native/host-libs/usr --with-libelf=/mnt/workspace/workspace/GCC-10-pipeline/jenkins-GCC-10-pipeline-260_20210727_1627371386/build-native/host-libs/usr --with-host-libstdcxx='-static-libgcc -Wl,-Bstatic,-lstdc++,-Bdynamic -lm' --with-pkgversion='GNU Arm Embedded Toolchain 10.3-2021.07' --with-multilib-list=rmprofile,aprofile
Thread model: single
Supported LTO compression algorithms: zlib
gcc version 10.3.1 20210621 (release) (GNU Arm Embedded Toolchain 10.3-2021.07) 
COMPILER_PATH=/opt/arm-toolchain/bin/../lib/gcc/arm-none-eabi/10.3.1/:/opt/arm-toolchain/bin/../lib/gcc/:/opt/arm-toolchain/bin/../lib/gcc/arm-none-eabi/10.3.1/../../../../arm-none-eabi/bin/
LIBRARY_PATH=/opt/arm-toolchain/bin/../lib/gcc/arm-none-eabi/10.3.1/thumb/v6-m/nofp/:/opt/arm-toolchain/bin/../lib/gcc/arm-none-eabi/10.3.1/../../../../arm-none-eabi/lib/thumb/v6-m/nofp/:/opt/arm-toolchain/bin/../arm-none-eabi/lib/thumb/v6-m/nofp/:/opt/arm-toolchain/bin/../lib/gcc/arm-none-eabi/10.3.1/:/opt/arm-toolchain/bin/../lib/gcc/:/opt/arm-toolchain/bin/../lib/gcc/arm-none-eabi/10.3.1/../../../../arm-none-eabi/lib/:/opt/arm-toolchain/bin/../arm-none-eabi/lib/
COLLECT_GCC_OPTIONS='-mcpu=cortex-m0plus' '-mthumb' '-nostdlib' '-v' '-o' 'cmTC_4d7f4.elf' '-mfloat-abi=soft' '-mlibarch=armv6s-m' '-march=armv6s-m'
 /opt/arm-toolchain/bin/../lib/gcc/arm-none-eabi/10.3.1/collect2 -plugin /opt/arm-toolchain/bin/../lib/gcc/arm-none-eabi/10.3.1/liblto_plugin.so -plugin-opt=/opt/arm-toolchain/bin/../lib/gcc/arm-none-eabi/10.3.1/lto-wrapper -plugin-opt=-fresolution=/tmp/ccst59Vh.res --sysroot=/opt/arm-toolchain/bin/../arm-none-eabi -X -o cmTC_4d7f4.elf -L/opt/arm-toolchain/bin/../lib/gcc/arm-none-eabi/10.3.1/thumb/v6-m/nofp -L/opt/arm-toolchain/bin/../lib/gcc/arm-none-eabi/10.3.1/../../../../arm-none-eabi/lib/thumb/v6-m/nofp -L/opt/arm-toolchain/bin/../arm-none-eabi/lib/thumb/v6-m/nofp -L/opt/arm-toolchain/bin/../lib/gcc/arm-none-eabi/10.3.1 -L/opt/arm-toolchain/bin/../lib/gcc -L/opt/arm-toolchain/bin/../lib/gcc/arm-none-eabi/10.3.1/../../../../arm-none-eabi/lib -L/opt/arm-toolchain/bin/../arm-none-eabi/lib --build-id=none CMakeFiles/cmTC_4d7f4.dir/CMakeCCompilerABI.c.o
/opt/arm-toolchain/bin/../lib/gcc/arm-none-eabi/10.3.1/../../../../arm-none-eabi/bin/ld: warning: cannot find entry symbol _start; defaulting to 0000000000008000
COLLECT_GCC_OPTIONS='-mcpu=cortex-m0plus' '-mthumb' '-nostdlib' '-v' '-o' 'cmTC_4d7f4.elf' '-mfloat-abi=soft' '-mlibarch=armv6s-m' '-march=armv6s-m'
gmake[1]: Leaving directory '/home/monalisa/Downloads/Smestre7/sistemas-tempo-real/freertos-pico/pratica02/build/CMakeFiles/CMakeScratch/TryCompile-M8QeCZ'



Parsed C implicit include dir info from above output: rv=done
  found start of include info
  found start of implicit include info
    add: [/opt/arm-toolchain/bin/../lib/gcc/arm-none-eabi/10.3.1/include]
    add: [/opt/arm-toolchain/bin/../lib/gcc/arm-none-eabi/10.3.1/include-fixed]
    add: [/opt/arm-toolchain/bin/../lib/gcc/arm-none-eabi/10.3.1/../../../../arm-none-eabi/include]
  end of search list found
  collapse include dir [/opt/arm-toolchain/bin/../lib/gcc/arm-none-eabi/10.3.1/include] ==> [/opt/arm-toolchain/lib/gcc/arm-none-eabi/10.3.1/include]
  collapse include dir [/opt/arm-toolchain/bin/../lib/gcc/arm-none-eabi/10.3.1/include-fixed] ==> [/opt/arm-toolchain/lib/gcc/arm-none-eabi/10.3.1/include-fixed]
  collapse include dir [/opt/arm-toolchain/bin/../lib/gcc/arm-none-eabi/10.3.1/../../../../arm-none-eabi/include] ==> [/opt/arm-toolchain/arm-none-eabi/include]
  implicit include dirs: [/opt/arm-toolchain/lib/gcc/arm-none-eabi/10.3.1/include;/opt/arm-toolchain/lib/gcc/arm-none-eabi/10.3.1/include-fixed;/opt/arm-toolchain/arm-none-eabi/include]


Parsed C implicit link information from above output:
  link line regex: [^( *|.*[/\])(arm-none-eabi-ld|CMAKE_LINK_STARTFILE-NOTFOUND|([^/\]+-)?ld|collect2)[^/\]*( |$)]
  ignore line: [Change Dir: /home/monalisa/Downloads/Smestre7/sistemas-tempo-real/freertos-pico/pratica02/build/CMakeFiles/CMakeScratch/TryCompile-M8QeCZ]
  ignore line: []
  ignore line: [Run Build Command(s):/usr/bin/gmake -f Makefile cmTC_4d7f4/fast && /usr/bin/gmake  -f CMakeFiles/cmTC_4d7f4.dir/build.make CMakeFiles/cmTC_4d7f4.dir/build]
  ignore line: [gmake[1]: Entering directory '/home/monalisa/Downloads/Smestre7/sistemas-tempo-real/freertos-pico/pratica02/build/CMakeFiles/CMakeScratch/TryCompile-M8QeCZ']
  ignore line: [Building C object CMakeFiles/cmTC_4d7f4.dir/CMakeCCompilerABI.c.o]
  ignore line: [/opt/arm-toolchain/bin/arm-none-eabi-gcc   -mcpu=cortex-m0plus -mthumb    -v -o CMakeFiles/cmTC_4d7f4.dir/CMakeCCompilerABI.c.o -c /usr/share/cmake-3.25/Modules/CMakeCCompilerABI.c]
  ignore line: [Using built-in specs.]
  ignore line: [COLLECT_GCC=/opt/arm-toolchain/bin/arm-none-eabi-gcc]
  ignore line: [Target: arm-none-eabi]
  ignore line: [Configured with: /mnt/workspace/workspace/GCC-10-pipeline/jenkins-GCC-10-pipeline-260_20210727_1627371386/src/gcc/configure --target=arm-none-eabi --prefix=/mnt/workspace/workspace/GCC-10-pipeline/jenkins-GCC-10-pipeline-260_20210727_1627371386/install-native --libexecdir=/mnt/workspace/workspace/GCC-10-pipeline/jenkins-GCC-10-pipeline-260_20210727_1627371386/install-native/lib --infodir=/mnt/workspace/workspace/GCC-10-pipeline/jenkins-GCC-10-pipeline-260_20210727_1627371386/install-native/share/doc/gcc-arm-none-eabi/info --mandir=/mnt/workspace/workspace/GCC-10-pipeline/jenkins-GCC-10-pipeline-260_20210727_1627371386/install-native/share/doc/gcc-arm-none-eabi/man --htmldir=/mnt/workspace/workspace/GCC-10-pipeline/jenkins-GCC-10-pipeline-260_20210727_1627371386/install-native/share/doc/gcc-arm-none-eabi/html --pdfdir=/mnt/workspace/workspace/GCC-10-pipeline/jenkins-GCC-10-pipeline-260_20210727_1627371386/install-native/share/doc/gcc-arm-none-eabi/pdf --enable-languages=c,c++ --enable-plugins --disable-decimal-float --disable-libffi --disable-libgomp --disable-libmudflap --disable-libquadmath --disable-libssp --disable-libstdcxx-pch --disable-nls --disable-shared --disable-threads --disable-tls --with-gnu-as --with-gnu-ld --with-newlib --with-headers=yes --with-python-dir=share/gcc-arm-none-eabi --with-sysroot=/mnt/workspace/workspace/GCC-10-pipeline/jenkins-GCC-10-pipeline-260_20210727_1627371386/install-native/arm-none-eabi --build=x86_64-linux-gnu --host=x86_64-linux-gnu --with-gmp=/mnt/workspace/workspace/GCC-10-pipeline/jenkins-GCC-10-pipeline-260_20210727_1627371386/build-native/host-libs/usr --with-mpfr=/mnt/workspace/workspace/GCC-10-pipeline/jenkins-GCC-10-pipeline-260_20210727_1627371386/build-native/host-libs/usr --with-mpc=/mnt/workspace/workspace/GCC-10-pipeline/jenkins-GCC-10-pipeline-260_20210727_1627371386/build-native/host-libs/usr --with-isl=/mnt/workspace/workspace/GCC-10-pipeline/jenkins-GCC-10-pipeline-260_20210727_1627371386/build-native/host-libs/usr --with-libelf=/mnt/workspace/workspace/GCC-10-pipeline/jenkins-GCC-10-pipeline-260_20210727_1627371386/build-native/host-libs/usr --with-host-libstdcxx='-static-libgcc -Wl,-Bstatic,-lstdc++,-Bdynamic -lm' --with-pkgversion='GNU Arm Embedded Toolchain 10.3-2021.07' --with-multilib-list=rmprofile,aprofile]
  ignore line: [Thread model: single]
  ignore line: [Supported LTO compression algorithms: zlib]
  ignore line: [gcc version 10.3.1 20210621 (release) (GNU Arm Embedded Toolchain 10.3-2021.07) ]
  ignore line: [COLLECT_GCC_OPTIONS='-mcpu=cortex-m0plus' '-mthumb' '-v' '-o' 'CMakeFiles/cmTC_4d7f4.dir/CMakeCCompilerABI.c.o' '-c' '-mfloat-abi=soft' '-mlibarch=armv6s-m' '-march=armv6s-m']
  ignore line: [ /opt/arm-toolchain/bin/../lib/gcc/arm-none-eabi/10.3.1/cc1 -quiet -v -imultilib thumb/v6-m/nofp -iprefix /opt/arm-toolchain/bin/../lib/gcc/arm-none-eabi/10.3.1/ -isysroot /opt/arm-toolchain/bin/../arm-none-eabi -D__USES_INITFINI__ /usr/share/cmake-3.25/Modules/CMakeCCompilerABI.c -quiet -dumpbase CMakeCCompilerABI.c -mcpu=cortex-m0plus -mthumb -mfloat-abi=soft -mlibarch=armv6s-m -march=armv6s-m -auxbase-strip CMakeFiles/cmTC_4d7f4.dir/CMakeCCompilerABI.c.o -version -o /tmp/ccaubZZ8.s]
  ignore line: [GNU C17 (GNU Arm Embedded Toolchain 10.3-2021.07) version 10.3.1 20210621 (release) (arm-none-eabi)]
  ignore line: [	compiled by GNU C version 4.8.4  GMP version 6.1.0  MPFR version 3.1.4  MPC version 1.0.3  isl version isl-0.18-GMP]
  ignore line: []
  ignore line: [GGC heuristics: --param ggc-min-expand=100 --param ggc-min-heapsize=131072]
  ignore line: [ignoring duplicate directory "/opt/arm-toolchain/bin/../lib/gcc/../../lib/gcc/arm-none-eabi/10.3.1/include"]
  ignore line: [ignoring nonexistent directory "/opt/arm-toolchain/bin/../arm-none-eabi/usr/local/include"]
  ignore line: [ignoring duplicate directory "/opt/arm-toolchain/bin/../lib/gcc/../../lib/gcc/arm-none-eabi/10.3.1/include-fixed"]
  ignore line: [ignoring duplicate directory "/opt/arm-toolchain/bin/../lib/gcc/../../lib/gcc/arm-none-eabi/10.3.1/../../../../arm-none-eabi/include"]
  ignore line: [ignoring nonexistent directory "/opt/arm-toolchain/bin/../arm-none-eabi/usr/include"]
  ignore line: [#include "..." search starts here:]
  ignore line: [#include <...> search starts here:]
  ignore line: [ /opt/arm-toolchain/bin/../lib/gcc/arm-none-eabi/10.3.1/include]
  ignore line: [ /opt/arm-toolchain/bin/../lib/gcc/arm-none-eabi/10.3.1/include-fixed]
  ignore line: [ /opt/arm-toolchain/bin/../lib/gcc/arm-none-eabi/10.3.1/../../../../arm-none-eabi/include]
  ignore line: [End of search list.]
  ignore line: [GNU C17 (GNU Arm Embedded Toolchain 10.3-2021.07) version 10.3.1 20210621 (release) (arm-none-eabi)]
  ignore line: [	compiled by GNU C version 4.8.4  GMP version 6.1.0  MPFR version 3.1.4  MPC version 1.0.3  isl version isl-0.18-GMP]
  ignore line: []
  ignore line: [GGC heuristics: --param ggc-min-expand=100 --param ggc-min-heapsize=131072]
  ignore line: [Compiler executable checksum: 0ae10b4fdb68a799c7765007746184f2]
  ignore line: [COLLECT_GCC_OPTIONS='-mcpu=cortex-m0plus' '-mthumb' '-v' '-o' 'CMakeFiles/cmTC_4d7f4.dir/CMakeCCompilerABI.c.o' '-c' '-mfloat-abi=soft' '-mlibarch=armv6s-m' '-march=armv6s-m']
  ignore line: [ /opt/arm-toolchain/bin/../lib/gcc/arm-none-eabi/10.3.1/../../../../arm-none-eabi/bin/as -v -march=armv6s-m -mfloat-abi=soft -meabi=5 -o CMakeFiles/cmTC_4d7f4.dir/CMakeCCompilerABI.c.o /tmp/ccaubZZ8.s]
  ignore line: [GNU assembler version 2.36.1 (arm-none-eabi) using BFD version (GNU Arm Embedded Toolchain 10.3-2021.07) 2.36.1.20210621]
  ignore line: [COMPILER_PATH=/opt/arm-toolchain/bin/../lib/gcc/arm-none-eabi/10.3.1/:/opt/arm-toolchain/bin/../lib/gcc/:/opt/arm-toolchain/bin/../lib/gcc/arm-none-eabi/10.3.1/../../../../arm-none-eabi/bin/]
  ignore line: [LIBRARY_PATH=/opt/arm-toolchain/bin/../lib/gcc/arm-none-eabi/10.3.1/thumb/v6-m/nofp/:/opt/arm-toolchain/bin/../lib/gcc/arm-none-eabi/10.3.1/../../../../arm-none-eabi/lib/thumb/v6-m/nofp/:/opt/arm-toolchain/bin/../arm-none-eabi/lib/thumb/v6-m/nofp/:/opt/arm-toolchain/bin/../lib/gcc/arm-none-eabi/10.3.1/:/opt/arm-toolchain/bin/../lib/gcc/:/opt/arm-toolchain/bin/../lib/gcc/arm-none-eabi/10.3.1/../../../../arm-none-eabi/lib/:/opt/arm-toolchain/bin/../arm-none-eabi/lib/]
  ignore line: [COLLECT_GCC_OPTIONS='-mcpu=cortex-m0plus' '-mthumb' '-v' '-o' 'CMakeFiles/cmTC_4d7f4.dir/CMakeCCompilerABI.c.o' '-c' '-mfloat-abi=soft' '-mlibarch=armv6s-m' '-march=armv6s-m']
  ignore line: [Linking C executable cmTC_4d7f4.elf]
  ignore line: [/usr/bin/cmake -E cmake_link_script CMakeFiles/cmTC_4d7f4.dir/link.txt --verbose=1]
  ignore line: [/opt/arm-toolchain/bin/arm-none-eabi-gcc -mcpu=cortex-m0plus -mthumb  -Wl --build-id=none -nostdlib  -v CMakeFiles/cmTC_4d7f4.dir/CMakeCCompilerABI.c.o -o cmTC_4d7f4.elf ]
  ignore line: [Using built-in specs.]
  ignore line: [COLLECT_GCC=/opt/arm-toolchain/bin/arm-none-eabi-gcc]
  ignore line: [COLLECT_LTO_WRAPPER=/opt/arm-toolchain/bin/../lib/gcc/arm-none-eabi/10.3.1/lto-wrapper]
  ignore line: [Target: arm-none-eabi]
  ignore line: [Configured with: /mnt/workspace/workspace/GCC-10-pipeline/jenkins-GCC-10-pipeline-260_20210727_1627371386/src/gcc/configure --target=arm-none-eabi --prefix=/mnt/workspace/workspace/GCC-10-pipeline/jenkins-GCC-10-pipeline-260_20210727_1627371386/install-native --libexecdir=/mnt/workspace/workspace/GCC-10-pipeline/jenkins-GCC-10-pipeline-260_20210727_1627371386/install-native/lib --infodir=/mnt/workspace/workspace/GCC-10-pipeline/jenkins-GCC-10-pipeline-260_20210727_1627371386/install-native/share/doc/gcc-arm-none-eabi/info --mandir=/mnt/workspace/workspace/GCC-10-pipeline/jenkins-GCC-10-pipeline-260_20210727_1627371386/install-native/share/doc/gcc-arm-none-eabi/man --htmldir=/mnt/workspace/workspace/GCC-10-pipeline/jenkins-GCC-10-pipeline-260_20210727_1627371386/install-native/share/doc/gcc-arm-none-eabi/html --pdfdir=/mnt/workspace/workspace/GCC-10-pipeline/jenkins-GCC-10-pipeline-260_20210727_1627371386/install-native/share/doc/gcc-arm-none-eabi/pdf --enable-languages=c,c++ --enable-plugins --disable-decimal-float --disable-libffi --disable-libgomp --disable-libmudflap --disable-libquadmath --disable-libssp --disable-libstdcxx-pch --disable-nls --disable-shared --disable-threads --disable-tls --with-gnu-as --with-gnu-ld --with-newlib --with-headers=yes --with-python-dir=share/gcc-arm-none-eabi --with-sysroot=/mnt/workspace/workspace/GCC-10-pipeline/jenkins-GCC-10-pipeline-260_20210727_1627371386/install-native/arm-none-eabi --build=x86_64-linux-gnu --host=x86_64-linux-gnu --with-gmp=/mnt/workspace/workspace/GCC-10-pipeline/jenkins-GCC-10-pipeline-260_20210727_1627371386/build-native/host-libs/usr --with-mpfr=/mnt/workspace/workspace/GCC-10-pipeline/jenkins-GCC-10-pipeline-260_20210727_1627371386/build-native/host-libs/usr --with-mpc=/mnt/workspace/workspace/GCC-10-pipeline/jenkins-GCC-10-pipeline-260_20210727_1627371386/build-native/host-libs/usr --with-isl=/mnt/workspace/workspace/GCC-10-pipeline/jenkins-GCC-10-pipeline-260_20210727_1627371386/build-native/host-libs/usr --with-libelf=/mnt/workspace/workspace/GCC-10-pipeline/jenkins-GCC-10-pipeline-260_20210727_1627371386/build-native/host-libs/usr --with-host-libstdcxx='-static-libgcc -Wl,-Bstatic,-lstdc++,-Bdynamic -lm' --with-pkgversion='GNU Arm Embedded Toolchain 10.3-2021.07' --with-multilib-list=rmprofile,aprofile]
  ignore line: [Thread model: single]
  ignore line: [Supported LTO compression algorithms: zlib]
  ignore line: [gcc version 10.3.1 20210621 (release) (GNU Arm Embedded Toolchain 10.3-2021.07) ]
  ignore line: [COMPILER_PATH=/opt/arm-toolchain/bin/../lib/gcc/arm-none-eabi/10.3.1/:/opt/arm-toolchain/bin/../lib/gcc/:/opt/arm-toolchain/bin/../lib/gcc/arm-none-eabi/10.3.1/../../../../arm-none-eabi/bin/]
  ignore line: [LIBRARY_PATH=/opt/arm-toolchain/bin/../lib/gcc/arm-none-eabi/10.3.1/thumb/v6-m/nofp/:/opt/arm-toolchain/bin/../lib/gcc/arm-none-eabi/10.3.1/../../../../arm-none-eabi/lib/thumb/v6-m/nofp/:/opt/arm-toolchain/bin/../arm-none-eabi/lib/thumb/v6-m/nofp/:/opt/arm-toolchain/bin/../lib/gcc/arm-none-eabi/10.3.1/:/opt/arm-toolchain/bin/../lib/gcc/:/opt/arm-toolchain/bin/../lib/gcc/arm-none-eabi/10.3.1/../../../../arm-none-eabi/lib/:/opt/arm-toolchain/bin/../arm-none-eabi/lib/]
  ignore line: [COLLECT_GCC_OPTIONS='-mcpu=cortex-m0plus' '-mthumb' '-nostdlib' '-v' '-o' 'cmTC_4d7f4.elf' '-mfloat-abi=soft' '-mlibarch=armv6s-m' '-march=armv6s-m']
  link line: [ /opt/arm-toolchain/bin/../lib/gcc/arm-none-eabi/10.3.1/collect2 -plugin /opt/arm-toolchain/bin/../lib/gcc/arm-none-eabi/10.3.1/liblto_plugin.so -plugin-opt=/opt/arm-toolchain/bin/../lib/gcc/arm-none-eabi/10.3.1/lto-wrapper -plugin-opt=-fresolution=/tmp/ccst59Vh.res --sysroot=/opt/arm-toolchain/bin/../arm-none-eabi -X -o cmTC_4d7f4.elf -L/opt/arm-toolchain/bin/../lib/gcc/arm-none-eabi/10.3.1/thumb/v6-m/nofp -L/opt/arm-toolchain/bin/../lib/gcc/arm-none-eabi/10.3.1/../../../../arm-none-eabi/lib/thumb/v6-m/nofp -L/opt/arm-toolchain/bin/../arm-none-eabi/lib/thumb/v6-m/nofp -L/opt/arm-toolchain/bin/../lib/gcc/arm-none-eabi/10.3.1 -L/opt/arm-toolchain/bin/../lib/gcc -L/opt/arm-toolchain/bin/../lib/gcc/arm-none-eabi/10.3.1/../../../../arm-none-eabi/lib -L/opt/arm-toolchain/bin/../arm-none-eabi/lib --build-id=none CMakeFiles/cmTC_4d7f4.dir/CMakeCCompilerABI.c.o]
    arg [/opt/arm-toolchain/bin/../lib/gcc/arm-none-eabi/10.3.1/collect2] ==> ignore
    arg [-plugin] ==> ignore
    arg [/opt/arm-toolchain/bin/../lib/gcc/arm-none-eabi/10.3.1/liblto_plugin.so] ==> ignore
    arg [-plugin-opt=/opt/arm-toolchain/bin/../lib/gcc/arm-none-eabi/10.3.1/lto-wrapper] ==> ignore
    arg [-plugin-opt=-fresolution=/tmp/ccst59Vh.res] ==> ignore
    arg [--sysroot=/opt/arm-toolchain/bin/../arm-none-eabi] ==> ignore
    arg [-X] ==> ignore
    arg [-o] ==> ignore
    arg [cmTC_4d7f4.elf] ==> ignore
    arg [-L/opt/arm-toolchain/bin/../lib/gcc/arm-none-eabi/10.3.1/thumb/v6-m/nofp] ==> dir [/opt/arm-toolchain/bin/../lib/gcc/arm-none-eabi/10.3.1/thumb/v6-m/nofp]
    arg [-L/opt/arm-toolchain/bin/../lib/gcc/arm-none-eabi/10.3.1/../../../../arm-none-eabi/lib/thumb/v6-m/nofp] ==> dir [/opt/arm-toolchain/bin/../lib/gcc/arm-none-eabi/10.3.1/../../../../arm-none-eabi/lib/thumb/v6-m/nofp]
    arg [-L/opt/arm-toolchain/bin/../arm-none-eabi/lib/thumb/v6-m/nofp] ==> dir [/opt/arm-toolchain/bin/../arm-none-eabi/lib/thumb/v6-m/nofp]
    arg [-L/opt/arm-toolchain/bin/../lib/gcc/arm-none-eabi/10.3.1] ==> dir [/opt/arm-toolchain/bin/../lib/gcc/arm-none-eabi/10.3.1]
    arg [-L/opt/arm-toolchain/bin/../lib/gcc] ==> dir [/opt/arm-toolchain/bin/../lib/gcc]
    arg [-L/opt/arm-toolchain/bin/../lib/gcc/arm-none-eabi/10.3.1/../../../../arm-none-eabi/lib] ==> dir [/opt/arm-toolchain/bin/../lib/gcc/arm-none-eabi/10.3.1/../../../../arm-none-eabi/lib]
    arg [-L/opt/arm-toolchain/bin/../arm-none-eabi/lib] ==> dir [/opt/arm-toolchain/bin/../arm-none-eabi/lib]
    arg [--build-id=none] ==> ignore
    arg [CMakeFiles/cmTC_4d7f4.dir/CMakeCCompilerABI.c.o] ==> ignore
  collapse library dir [/opt/arm-toolchain/bin/../lib/gcc/arm-none-eabi/10.3.1/thumb/v6-m/nofp] ==> [/opt/arm-toolchain/lib/gcc/arm-none-eabi/10.3.1/thumb/v6-m/nofp]
  collapse library dir [/opt/arm-toolchain/bin/../lib/gcc/arm-none-eabi/10.3.1/../../../../arm-none-eabi/lib/thumb/v6-m/nofp] ==> [/opt/arm-toolchain/arm-none-eabi/lib/thumb/v6-m/nofp]
  collapse library dir [/opt/arm-toolchain/bin/../arm-none-eabi/lib/thumb/v6-m/nofp] ==> [/opt/arm-toolchain/arm-none-eabi/lib/thumb/v6-m/nofp]
  collapse library dir [/opt/arm-toolchain/bin/../lib/gcc/arm-none-eabi/10.3.1] ==> [/opt/arm-toolchain/lib/gcc/arm-none-eabi/10.3.1]
  collapse library dir [/opt/arm-toolchain/bin/../lib/gcc] ==> [/opt/arm-toolchain/lib/gcc]
  collapse library dir [/opt/arm-toolchain/bin/../lib/gcc/arm-none-eabi/10.3.1/../../../../arm-none-eabi/lib] ==> [/opt/arm-toolchain/arm-none-eabi/lib]
  collapse library dir [/opt/arm-toolchain/bin/../arm-none-eabi/lib] ==> [/opt/arm-toolchain/arm-none-eabi/lib]
  implicit libs: []
  implicit objs: []
  implicit dirs: [/opt/arm-toolchain/lib/gcc/arm-none-eabi/10.3.1/thumb/v6-m/nofp;/opt/arm-toolchain/arm-none-eabi/lib/thumb/v6-m/nofp;/opt/arm-toolchain/lib/gcc/arm-none-eabi/10.3.1;/opt/arm-toolchain/lib/gcc;/opt/arm-toolchain/arm-none-eabi/lib]
  implicit fwks: []


Detecting CXX compiler ABI info compiled with the following output:
Change Dir: /home/monalisa/Downloads/Smestre7/sistemas-tempo-real/freertos-pico/pratica02/build/CMakeFiles/CMakeScratch/TryCompile-UIbcQx

Run Build Command(s):/usr/bin/gmake -f Makefile cmTC_18aed/fast && /usr/bin/gmake  -f CMakeFiles/cmTC_18aed.dir/build.make CMakeFiles/cmTC_18aed.dir/build
gmake[1]: Entering directory '/home/monalisa/Downloads/Smestre7/sistemas-tempo-real/freertos-pico/pratica02/build/CMakeFiles/CMakeScratch/TryCompile-UIbcQx'
Building CXX object CMakeFiles/cmTC_18aed.dir/CMakeCXXCompilerABI.cpp.o
/opt/arm-toolchain/bin/arm-none-eabi-g++   -mcpu=cortex-m0plus -mthumb    -v -o CMakeFiles/cmTC_18aed.dir/CMakeCXXCompilerABI.cpp.o -c /usr/share/cmake-3.25/Modules/CMakeCXXCompilerABI.cpp
Using built-in specs.
COLLECT_GCC=/opt/arm-toolchain/bin/arm-none-eabi-g++
Target: arm-none-eabi
Configured with: /mnt/workspace/workspace/GCC-10-pipeline/jenkins-GCC-10-pipeline-260_20210727_1627371386/src/gcc/configure --target=arm-none-eabi --prefix=/mnt/workspace/workspace/GCC-10-pipeline/jenkins-GCC-10-pipeline-260_20210727_1627371386/install-native --libexecdir=/mnt/workspace/workspace/GCC-10-pipeline/jenkins-GCC-10-pipeline-260_20210727_1627371386/install-native/lib --infodir=/mnt/workspace/workspace/GCC-10-pipeline/jenkins-GCC-10-pipeline-260_20210727_1627371386/install-native/share/doc/gcc-arm-none-eabi/info --mandir=/mnt/workspace/workspace/GCC-10-pipeline/jenkins-GCC-10-pipeline-260_20210727_1627371386/install-native/share/doc/gcc-arm-none-eabi/man --htmldir=/mnt/workspace/workspace/GCC-10-pipeline/jenkins-GCC-10-pipeline-260_20210727_1627371386/install-native/share/doc/gcc-arm-none-eabi/html --pdfdir=/mnt/workspace/workspace/GCC-10-pipeline/jenkins-GCC-10-pipeline-260_20210727_1627371386/install-native/share/doc/gcc-arm-none-eabi/pdf --enable-languages=c,c++ --enable-plugins --disable-decimal-float --disable-libffi --disable-libgomp --disable-libmudflap --disable-libquadmath --disable-libssp --disable-libstdcxx-pch --disable-nls --disable-shared --disable-threads --disable-tls --with-gnu-as --with-gnu-ld --with-newlib --with-headers=yes --with-python-dir=share/gcc-arm-none-eabi --with-sysroot=/mnt/workspace/workspace/GCC-10-pipeline/jenkins-GCC-10-pipeline-260_20210727_1627371386/install-native/arm-none-eabi --build=x86_64-linux-gnu --host=x86_64-linux-gnu --with-gmp=/mnt/workspace/workspace/GCC-10-pipeline/jenkins-GCC-10-pipeline-260_20210727_1627371386/build-native/host-libs/usr --with-mpfr=/mnt/workspace/workspace/GCC-10-pipeline/jenkins-GCC-10-pipeline-260_20210727_1627371386/build-native/host-libs/usr --with-mpc=/mnt/workspace/workspace/GCC-10-pipeline/jenkins-GCC-10-pipeline-260_20210727_1627371386/build-native/host-libs/usr --with-isl=/mnt/workspace/workspace/GCC-10-pipeline/jenkins-GCC-10-pipeline-260_20210727_1627371386/build-native/host-libs/usr --with-libelf=/mnt/workspace/workspace/GCC-10-pipeline/jenkins-GCC-10-pipeline-260_20210727_1627371386/build-native/host-libs/usr --with-host-libstdcxx='-static-libgcc -Wl,-Bstatic,-lstdc++,-Bdynamic -lm' --with-pkgversion='GNU Arm Embedded Toolchain 10.3-2021.07' --with-multilib-list=rmprofile,aprofile
Thread model: single
Supported LTO compression algorithms: zlib
gcc version 10.3.1 20210621 (release) (GNU Arm Embedded Toolchain 10.3-2021.07) 
COLLECT_GCC_OPTIONS='-mcpu=cortex-m0plus' '-mthumb' '-v' '-o' 'CMakeFiles/cmTC_18aed.dir/CMakeCXXCompilerABI.cpp.o' '-c' '-mfloat-abi=soft' '-mlibarch=armv6s-m' '-march=armv6s-m'
 /opt/arm-toolchain/bin/../lib/gcc/arm-none-eabi/10.3.1/cc1plus -quiet -v -imultilib thumb/v6-m/nofp -iprefix /opt/arm-toolchain/bin/../lib/gcc/arm-none-eabi/10.3.1/ -isysroot /opt/arm-toolchain/bin/../arm-none-eabi -D__USES_INITFINI__ /usr/share/cmake-3.25/Modules/CMakeCXXCompilerABI.cpp -quiet -dumpbase CMakeCXXCompilerABI.cpp -mcpu=cortex-m0plus -mthumb -mfloat-abi=soft -mlibarch=armv6s-m -march=armv6s-m -auxbase-strip CMakeFiles/cmTC_18aed.dir/CMakeCXXCompilerABI.cpp.o -version -o /tmp/ccsTwmKs.s
GNU C++14 (GNU Arm Embedded Toolchain 10.3-2021.07) version 10.3.1 20210621 (release) (arm-none-eabi)
	compiled by GNU C version 4.8.4, GMP version 6.1.0, MPFR version 3.1.4, MPC version 1.0.3, isl version isl-0.18-GMP

GGC heuristics: --param ggc-min-expand=100 --param ggc-min-heapsize=131072
ignoring duplicate directory "/opt/arm-toolchain/bin/../lib/gcc/../../lib/gcc/arm-none-eabi/10.3.1/../../../../arm-none-eabi/include/c++/10.3.1"
ignoring duplicate directory "/opt/arm-toolchain/bin/../lib/gcc/../../lib/gcc/arm-none-eabi/10.3.1/../../../../arm-none-eabi/include/c++/10.3.1/arm-none-eabi/thumb/v6-m/nofp"
ignoring duplicate directory "/opt/arm-toolchain/bin/../lib/gcc/../../lib/gcc/arm-none-eabi/10.3.1/../../../../arm-none-eabi/include/c++/10.3.1/backward"
ignoring duplicate directory "/opt/arm-toolchain/bin/../lib/gcc/../../lib/gcc/arm-none-eabi/10.3.1/include"
ignoring nonexistent directory "/opt/arm-toolchain/bin/../arm-none-eabi/usr/local/include"
ignoring duplicate directory "/opt/arm-toolchain/bin/../lib/gcc/../../lib/gcc/arm-none-eabi/10.3.1/include-fixed"
ignoring duplicate directory "/opt/arm-toolchain/bin/../lib/gcc/../../lib/gcc/arm-none-eabi/10.3.1/../../../../arm-none-eabi/include"
ignoring nonexistent directory "/opt/arm-toolchain/bin/../arm-none-eabi/usr/include"
#include "..." search starts here:
#include <...> search starts here:
 /opt/arm-toolchain/bin/../lib/gcc/arm-none-eabi/10.3.1/../../../../arm-none-eabi/include/c++/10.3.1
 /opt/arm-toolchain/bin/../lib/gcc/arm-none-eabi/10.3.1/../../../../arm-none-eabi/include/c++/10.3.1/arm-none-eabi/thumb/v6-m/nofp
 /opt/arm-toolchain/bin/../lib/gcc/arm-none-eabi/10.3.1/../../../../arm-none-eabi/include/c++/10.3.1/backward
 /opt/arm-toolchain/bin/../lib/gcc/arm-none-eabi/10.3.1/include
 /opt/arm-toolchain/bin/../lib/gcc/arm-none-eabi/10.3.1/include-fixed
 /opt/arm-toolchain/bin/../lib/gcc/arm-none-eabi/10.3.1/../../../../arm-none-eabi/include
End of search list.
GNU C++14 (GNU Arm Embedded Toolchain 10.3-2021.07) version 10.3.1 20210621 (release) (arm-none-eabi)
	compiled by GNU C version 4.8.4, GMP version 6.1.0, MPFR version 3.1.4, MPC version 1.0.3, isl version isl-0.18-GMP

GGC heuristics: --param ggc-min-expand=100 --param ggc-min-heapsize=131072
Compiler executable checksum: b20f86d509d185d6d42f26d50b8ff0e6
COLLECT_GCC_OPTIONS='-mcpu=cortex-m0plus' '-mthumb' '-v' '-o' 'CMakeFiles/cmTC_18aed.dir/CMakeCXXCompilerABI.cpp.o' '-c' '-mfloat-abi=soft' '-mlibarch=armv6s-m' '-march=armv6s-m'
 /opt/arm-toolchain/bin/../lib/gcc/arm-none-eabi/10.3.1/../../../../arm-none-eabi/bin/as -v -march=armv6s-m -mfloat-abi=soft -meabi=5 -o CMakeFiles/cmTC_18aed.dir/CMakeCXXCompilerABI.cpp.o /tmp/ccsTwmKs.s
GNU assembler version 2.36.1 (arm-none-eabi) using BFD version (GNU Arm Embedded Toolchain 10.3-2021.07) 2.36.1.20210621
COMPILER_PATH=/opt/arm-toolchain/bin/../lib/gcc/arm-none-eabi/10.3.1/:/opt/arm-toolchain/bin/../lib/gcc/:/opt/arm-toolchain/bin/../lib/gcc/arm-none-eabi/10.3.1/../../../../arm-none-eabi/bin/
LIBRARY_PATH=/opt/arm-toolchain/bin/../lib/gcc/arm-none-eabi/10.3.1/thumb/v6-m/nofp/:/opt/arm-toolchain/bin/../lib/gcc/arm-none-eabi/10.3.1/../../../../arm-none-eabi/lib/thumb/v6-m/nofp/:/opt/arm-toolchain/bin/../arm-none-eabi/lib/thumb/v6-m/nofp/:/opt/arm-toolchain/bin/../lib/gcc/arm-none-eabi/10.3.1/:/opt/arm-toolchain/bin/../lib/gcc/:/opt/arm-toolchain/bin/../lib/gcc/arm-none-eabi/10.3.1/../../../../arm-none-eabi/lib/:/opt/arm-toolchain/bin/../arm-none-eabi/lib/
COLLECT_GCC_OPTIONS='-mcpu=cortex-m0plus' '-mthumb' '-v' '-o' 'CMakeFiles/cmTC_18aed.dir/CMakeCXXCompilerABI.cpp.o' '-c' '-mfloat-abi=soft' '-mlibarch=armv6s-m' '-march=armv6s-m'
Linking CXX executable cmTC_18aed.elf
/usr/bin/cmake -E cmake_link_script CMakeFiles/cmTC_18aed.dir/link.txt --verbose=1
/opt/arm-toolchain/bin/arm-none-eabi-g++ -mcpu=cortex-m0plus -mthumb  -Wl,--build-id=none -nostdlib  -v CMakeFiles/cmTC_18aed.dir/CMakeCXXCompilerABI.cpp.o -o cmTC_18aed.elf 
Using built-in specs.
COLLECT_GCC=/opt/arm-toolchain/bin/arm-none-eabi-g++
COLLECT_LTO_WRAPPER=/opt/arm-toolchain/bin/../lib/gcc/arm-none-eabi/10.3.1/lto-wrapper
Target: arm-none-eabi
Configured with: /mnt/workspace/workspace/GCC-10-pipeline/jenkins-GCC-10-pipeline-260_20210727_1627371386/src/gcc/configure --target=arm-none-eabi --prefix=/mnt/workspace/workspace/GCC-10-pipeline/jenkins-GCC-10-pipeline-260_20210727_1627371386/install-native --libexecdir=/mnt/workspace/workspace/GCC-10-pipeline/jenkins-GCC-10-pipeline-260_20210727_1627371386/install-native/lib --infodir=/mnt/workspace/workspace/GCC-10-pipeline/jenkins-GCC-10-pipeline-260_20210727_1627371386/install-native/share/doc/gcc-arm-none-eabi/info --mandir=/mnt/workspace/workspace/GCC-10-pipeline/jenkins-GCC-10-pipeline-260_20210727_1627371386/install-native/share/doc/gcc-arm-none-eabi/man --htmldir=/mnt/workspace/workspace/GCC-10-pipeline/jenkins-GCC-10-pipeline-260_20210727_1627371386/install-native/share/doc/gcc-arm-none-eabi/html --pdfdir=/mnt/workspace/workspace/GCC-10-pipeline/jenkins-GCC-10-pipeline-260_20210727_1627371386/install-native/share/doc/gcc-arm-none-eabi/pdf --enable-languages=c,c++ --enable-plugins --disable-decimal-float --disable-libffi --disable-libgomp --disable-libmudflap --disable-libquadmath --disable-libssp --disable-libstdcxx-pch --disable-nls --disable-shared --disable-threads --disable-tls --with-gnu-as --with-gnu-ld --with-newlib --with-headers=yes --with-python-dir=share/gcc-arm-none-eabi --with-sysroot=/mnt/workspace/workspace/GCC-10-pipeline/jenkins-GCC-10-pipeline-260_20210727_1627371386/install-native/arm-none-eabi --build=x86_64-linux-gnu --host=x86_64-linux-gnu --with-gmp=/mnt/workspace/workspace/GCC-10-pipeline/jenkins-GCC-10-pipeline-260_20210727_1627371386/build-native/host-libs/usr --with-mpfr=/mnt/workspace/workspace/GCC-10-pipeline/jenkins-GCC-10-pipeline-260_20210727_1627371386/build-native/host-libs/usr --with-mpc=/mnt/workspace/workspace/GCC-10-pipeline/jenkins-GCC-10-pipeline-260_20210727_1627371386/build-native/host-libs/usr --with-isl=/mnt/workspace/workspace/GCC-10-pipeline/jenkins-GCC-10-pipeline-260_20210727_1627371386/build-native/host-libs/usr --with-libelf=/mnt/workspace/workspace/GCC-10-pipeline/jenkins-GCC-10-pipeline-260_20210727_1627371386/build-native/host-libs/usr --with-host-libstdcxx='-static-libgcc -Wl,-Bstatic,-lstdc++,-Bdynamic -lm' --with-pkgversion='GNU Arm Embedded Toolchain 10.3-2021.07' --with-multilib-list=rmprofile,aprofile
Thread model: single
Supported LTO compression algorithms: zlib
gcc version 10.3.1 20210621 (release) (GNU Arm Embedded Toolchain 10.3-2021.07) 
COMPILER_PATH=/opt/arm-toolchain/bin/../lib/gcc/arm-none-eabi/10.3.1/:/opt/arm-toolchain/bin/../lib/gcc/:/opt/arm-toolchain/bin/../lib/gcc/arm-none-eabi/10.3.1/../../../../arm-none-eabi/bin/
LIBRARY_PATH=/opt/arm-toolchain/bin/../lib/gcc/arm-none-eabi/10.3.1/thumb/v6-m/nofp/:/opt/arm-toolchain/bin/../lib/gcc/arm-none-eabi/10.3.1/../../../../arm-none-eabi/lib/thumb/v6-m/nofp/:/opt/arm-toolchain/bin/../arm-none-eabi/lib/thumb/v6-m/nofp/:/opt/arm-toolchain/bin/../lib/gcc/arm-none-eabi/10.3.1/:/opt/arm-toolchain/bin/../lib/gcc/:/opt/arm-toolchain/bin/../lib/gcc/arm-none-eabi/10.3.1/../../../../arm-none-eabi/lib/:/opt/arm-toolchain/bin/../arm-none-eabi/lib/
COLLECT_GCC_OPTIONS='-mcpu=cortex-m0plus' '-mthumb' '-nostdlib' '-v' '-o' 'cmTC_18aed.elf' '-mfloat-abi=soft' '-mlibarch=armv6s-m' '-march=armv6s-m'
 /opt/arm-toolchain/bin/../lib/gcc/arm-none-eabi/10.3.1/collect2 -plugin /opt/arm-toolchain/bin/../lib/gcc/arm-none-eabi/10.3.1/liblto_plugin.so -plugin-opt=/opt/arm-toolchain/bin/../lib/gcc/arm-none-eabi/10.3.1/lto-wrapper -plugin-opt=-fresolution=/tmp/ccLfKu8C.res --sysroot=/opt/arm-toolchain/bin/../arm-none-eabi -X -o cmTC_18aed.elf -L/opt/arm-toolchain/bin/../lib/gcc/arm-none-eabi/10.3.1/thumb/v6-m/nofp -L/opt/arm-toolchain/bin/../lib/gcc/arm-none-eabi/10.3.1/../../../../arm-none-eabi/lib/thumb/v6-m/nofp -L/opt/arm-toolchain/bin/../arm-none-eabi/lib/thumb/v6-m/nofp -L/opt/arm-toolchain/bin/../lib/gcc/arm-none-eabi/10.3.1 -L/opt/arm-toolchain/bin/../lib/gcc -L/opt/arm-toolchain/bin/../lib/gcc/arm-none-eabi/10.3.1/../../../../arm-none-eabi/lib -L/opt/arm-toolchain/bin/../arm-none-eabi/lib --build-id=none CMakeFiles/cmTC_18aed.dir/CMakeCXXCompilerABI.cpp.o
/opt/arm-toolchain/bin/../lib/gcc/arm-none-eabi/10.3.1/../../../../arm-none-eabi/bin/ld: warning: cannot find entry symbol _start; defaulting to 0000000000008000
COLLECT_GCC_OPTIONS='-mcpu=cortex-m0plus' '-mthumb' '-nostdlib' '-v' '-o' 'cmTC_18aed.elf' '-mfloat-abi=soft' '-mlibarch=armv6s-m' '-march=armv6s-m'
gmake[1]: Leaving directory '/home/monalisa/Downloads/Smestre7/sistemas-tempo-real/freertos-pico/pratica02/build/CMakeFiles/CMakeScratch/TryCompile-UIbcQx'



Parsed CXX implicit include dir info from above output: rv=done
  found start of include info
  found start of implicit include info
    add: [/opt/arm-toolchain/bin/../lib/gcc/arm-none-eabi/10.3.1/../../../../arm-none-eabi/include/c++/10.3.1]
    add: [/opt/arm-toolchain/bin/../lib/gcc/arm-none-eabi/10.3.1/../../../../arm-none-eabi/include/c++/10.3.1/arm-none-eabi/thumb/v6-m/nofp]
    add: [/opt/arm-toolchain/bin/../lib/gcc/arm-none-eabi/10.3.1/../../../../arm-none-eabi/include/c++/10.3.1/backward]
    add: [/opt/arm-toolchain/bin/../lib/gcc/arm-none-eabi/10.3.1/include]
    add: [/opt/arm-toolchain/bin/../lib/gcc/arm-none-eabi/10.3.1/include-fixed]
    add: [/opt/arm-toolchain/bin/../lib/gcc/arm-none-eabi/10.3.1/../../../../arm-none-eabi/include]
  end of search list found
  collapse include dir [/opt/arm-toolchain/bin/../lib/gcc/arm-none-eabi/10.3.1/../../../../arm-none-eabi/include/c++/10.3.1] ==> [/opt/arm-toolchain/arm-none-eabi/include/c++/10.3.1]
  collapse include dir [/opt/arm-toolchain/bin/../lib/gcc/arm-none-eabi/10.3.1/../../../../arm-none-eabi/include/c++/10.3.1/arm-none-eabi/thumb/v6-m/nofp] ==> [/opt/arm-toolchain/arm-none-eabi/include/c++/10.3.1/arm-none-eabi/thumb/v6-m/nofp]
  collapse include dir [/opt/arm-toolchain/bin/../lib/gcc/arm-none-eabi/10.3.1/../../../../arm-none-eabi/include/c++/10.3.1/backward] ==> [/opt/arm-toolchain/arm-none-eabi/include/c++/10.3.1/backward]
  collapse include dir [/opt/arm-toolchain/bin/../lib/gcc/arm-none-eabi/10.3.1/include] ==> [/opt/arm-toolchain/lib/gcc/arm-none-eabi/10.3.1/include]
  collapse include dir [/opt/arm-toolchain/bin/../lib/gcc/arm-none-eabi/10.3.1/include-fixed] ==> [/opt/arm-toolchain/lib/gcc/arm-none-eabi/10.3.1/include-fixed]
  collapse include dir [/opt/arm-toolchain/bin/../lib/gcc/arm-none-eabi/10.3.1/../../../../arm-none-eabi/include] ==> [/opt/arm-toolchain/arm-none-eabi/include]
  implicit include dirs: [/opt/arm-toolchain/arm-none-eabi/include/c++/10.3.1;/opt/arm-toolchain/arm-none-eabi/include/c++/10.3.1/arm-none-eabi/thumb/v6-m/nofp;/opt/arm-toolchain/arm-none-eabi/include/c++/10.3.1/backward;/opt/arm-toolchain/lib/gcc/arm-none-eabi/10.3.1/include;/opt/arm-toolchain/lib/gcc/arm-none-eabi/10.3.1/include-fixed;/opt/arm-toolchain/arm-none-eabi/include]


Parsed CXX implicit link information from above output:
  link line regex: [^( *|.*[/\])(arm-none-eabi-ld|CMAKE_LINK_STARTFILE-NOTFOUND|([^/\]+-)?ld|collect2)[^/\]*( |$)]
  ignore line: [Change Dir: /home/monalisa/Downloads/Smestre7/sistemas-tempo-real/freertos-pico/pratica02/build/CMakeFiles/CMakeScratch/TryCompile-UIbcQx]
  ignore line: []
  ignore line: [Run Build Command(s):/usr/bin/gmake -f Makefile cmTC_18aed/fast && /usr/bin/gmake  -f CMakeFiles/cmTC_18aed.dir/build.make CMakeFiles/cmTC_18aed.dir/build]
  ignore line: [gmake[1]: Entering directory '/home/monalisa/Downloads/Smestre7/sistemas-tempo-real/freertos-pico/pratica02/build/CMakeFiles/CMakeScratch/TryCompile-UIbcQx']
  ignore line: [Building CXX object CMakeFiles/cmTC_18aed.dir/CMakeCXXCompilerABI.cpp.o]
  ignore line: [/opt/arm-toolchain/bin/arm-none-eabi-g++   -mcpu=cortex-m0plus -mthumb    -v -o CMakeFiles/cmTC_18aed.dir/CMakeCXXCompilerABI.cpp.o -c /usr/share/cmake-3.25/Modules/CMakeCXXCompilerABI.cpp]
  ignore line: [Using built-in specs.]
  ignore line: [COLLECT_GCC=/opt/arm-toolchain/bin/arm-none-eabi-g++]
  ignore line: [Target: arm-none-eabi]
  ignore line: [Configured with: /mnt/workspace/workspace/GCC-10-pipeline/jenkins-GCC-10-pipeline-260_20210727_1627371386/src/gcc/configure --target=arm-none-eabi --prefix=/mnt/workspace/workspace/GCC-10-pipeline/jenkins-GCC-10-pipeline-260_20210727_1627371386/install-native --libexecdir=/mnt/workspace/workspace/GCC-10-pipeline/jenkins-GCC-10-pipeline-260_20210727_1627371386/install-native/lib --infodir=/mnt/workspace/workspace/GCC-10-pipeline/jenkins-GCC-10-pipeline-260_20210727_1627371386/install-native/share/doc/gcc-arm-none-eabi/info --mandir=/mnt/workspace/workspace/GCC-10-pipeline/jenkins-GCC-10-pipeline-260_20210727_1627371386/install-native/share/doc/gcc-arm-none-eabi/man --htmldir=/mnt/workspace/workspace/GCC-10-pipeline/jenkins-GCC-10-pipeline-260_20210727_1627371386/install-native/share/doc/gcc-arm-none-eabi/html --pdfdir=/mnt/workspace/workspace/GCC-10-pipeline/jenkins-GCC-10-pipeline-260_20210727_1627371386/install-native/share/doc/gcc-arm-none-eabi/pdf --enable-languages=c,c++ --enable-plugins --disable-decimal-float --disable-libffi --disable-libgomp --disable-libmudflap --disable-libquadmath --disable-libssp --disable-libstdcxx-pch --disable-nls --disable-shared --disable-threads --disable-tls --with-gnu-as --with-gnu-ld --with-newlib --with-headers=yes --with-python-dir=share/gcc-arm-none-eabi --with-sysroot=/mnt/workspace/workspace/GCC-10-pipeline/jenkins-GCC-10-pipeline-260_20210727_1627371386/install-native/arm-none-eabi --build=x86_64-linux-gnu --host=x86_64-linux-gnu --with-gmp=/mnt/workspace/workspace/GCC-10-pipeline/jenkins-GCC-10-pipeline-260_20210727_1627371386/build-native/host-libs/usr --with-mpfr=/mnt/workspace/workspace/GCC-10-pipeline/jenkins-GCC-10-pipeline-260_20210727_1627371386/build-native/host-libs/usr --with-mpc=/mnt/workspace/workspace/GCC-10-pipeline/jenkins-GCC-10-pipeline-260_20210727_1627371386/build-native/host-libs/usr --with-isl=/mnt/workspace/workspace/GCC-10-pipeline/jenkins-GCC-10-pipeline-260_20210727_1627371386/build-native/host-libs/usr --with-libelf=/mnt/workspace/workspace/GCC-10-pipeline/jenkins-GCC-10-pipeline-260_20210727_1627371386/build-native/host-libs/usr --with-host-libstdcxx='-static-libgcc -Wl,-Bstatic,-lstdc++,-Bdynamic -lm' --with-pkgversion='GNU Arm Embedded Toolchain 10.3-2021.07' --with-multilib-list=rmprofile,aprofile]
  ignore line: [Thread model: single]
  ignore line: [Supported LTO compression algorithms: zlib]
  ignore line: [gcc version 10.3.1 20210621 (release) (GNU Arm Embedded Toolchain 10.3-2021.07) ]
  ignore line: [COLLECT_GCC_OPTIONS='-mcpu=cortex-m0plus' '-mthumb' '-v' '-o' 'CMakeFiles/cmTC_18aed.dir/CMakeCXXCompilerABI.cpp.o' '-c' '-mfloat-abi=soft' '-mlibarch=armv6s-m' '-march=armv6s-m']
  ignore line: [ /opt/arm-toolchain/bin/../lib/gcc/arm-none-eabi/10.3.1/cc1plus -quiet -v -imultilib thumb/v6-m/nofp -iprefix /opt/arm-toolchain/bin/../lib/gcc/arm-none-eabi/10.3.1/ -isysroot /opt/arm-toolchain/bin/../arm-none-eabi -D__USES_INITFINI__ /usr/share/cmake-3.25/Modules/CMakeCXXCompilerABI.cpp -quiet -dumpbase CMakeCXXCompilerABI.cpp -mcpu=cortex-m0plus -mthumb -mfloat-abi=soft -mlibarch=armv6s-m -march=armv6s-m -auxbase-strip CMakeFiles/cmTC_18aed.dir/CMakeCXXCompilerABI.cpp.o -version -o /tmp/ccsTwmKs.s]
  ignore line: [GNU C++14 (GNU Arm Embedded Toolchain 10.3-2021.07) version 10.3.1 20210621 (release) (arm-none-eabi)]
  ignore line: [	compiled by GNU C version 4.8.4  GMP version 6.1.0  MPFR version 3.1.4  MPC version 1.0.3  isl version isl-0.18-GMP]
  ignore line: []
  ignore line: [GGC heuristics: --param ggc-min-expand=100 --param ggc-min-heapsize=131072]
  ignore line: [ignoring duplicate directory "/opt/arm-toolchain/bin/../lib/gcc/../../lib/gcc/arm-none-eabi/10.3.1/../../../../arm-none-eabi/include/c++/10.3.1"]
  ignore line: [ignoring duplicate directory "/opt/arm-toolchain/bin/../lib/gcc/../../lib/gcc/arm-none-eabi/10.3.1/../../../../arm-none-eabi/include/c++/10.3.1/arm-none-eabi/thumb/v6-m/nofp"]
  ignore line: [ignoring duplicate directory "/opt/arm-toolchain/bin/../lib/gcc/../../lib/gcc/arm-none-eabi/10.3.1/../../../../arm-none-eabi/include/c++/10.3.1/backward"]
  ignore line: [ignoring duplicate directory "/opt/arm-toolchain/bin/../lib/gcc/../../lib/gcc/arm-none-eabi/10.3.1/include"]
  ignore line: [ignoring nonexistent directory "/opt/arm-toolchain/bin/../arm-none-eabi/usr/local/include"]
  ignore line: [ignoring duplicate directory "/opt/arm-toolchain/bin/../lib/gcc/../../lib/gcc/arm-none-eabi/10.3.1/include-fixed"]
  ignore line: [ignoring duplicate directory "/opt/arm-toolchain/bin/../lib/gcc/../../lib/gcc/arm-none-eabi/10.3.1/../../../../arm-none-eabi/include"]
  ignore line: [ignoring nonexistent directory "/opt/arm-toolchain/bin/../arm-none-eabi/usr/include"]
  ignore line: [#include "..." search starts here:]
  ignore line: [#include <...> search starts here:]
  ignore line: [ /opt/arm-toolchain/bin/../lib/gcc/arm-none-eabi/10.3.1/../../../../arm-none-eabi/include/c++/10.3.1]
  ignore line: [ /opt/arm-toolchain/bin/../lib/gcc/arm-none-eabi/10.3.1/../../../../arm-none-eabi/include/c++/10.3.1/arm-none-eabi/thumb/v6-m/nofp]
  ignore line: [ /opt/arm-toolchain/bin/../lib/gcc/arm-none-eabi/10.3.1/../../../../arm-none-eabi/include/c++/10.3.1/backward]
  ignore line: [ /opt/arm-toolchain/bin/../lib/gcc/arm-none-eabi/10.3.1/include]
  ignore line: [ /opt/arm-toolchain/bin/../lib/gcc/arm-none-eabi/10.3.1/include-fixed]
  ignore line: [ /opt/arm-toolchain/bin/../lib/gcc/arm-none-eabi/10.3.1/../../../../arm-none-eabi/include]
  ignore line: [End of search list.]
  ignore line: [GNU C++14 (GNU Arm Embedded Toolchain 10.3-2021.07) version 10.3.1 20210621 (release) (arm-none-eabi)]
  ignore line: [	compiled by GNU C version 4.8.4  GMP version 6.1.0  MPFR version 3.1.4  MPC version 1.0.3  isl version isl-0.18-GMP]
  ignore line: []
  ignore line: [GGC heuristics: --param ggc-min-expand=100 --param ggc-min-heapsize=131072]
  ignore line: [Compiler executable checksum: b20f86d509d185d6d42f26d50b8ff0e6]
  ignore line: [COLLECT_GCC_OPTIONS='-mcpu=cortex-m0plus' '-mthumb' '-v' '-o' 'CMakeFiles/cmTC_18aed.dir/CMakeCXXCompilerABI.cpp.o' '-c' '-mfloat-abi=soft' '-mlibarch=armv6s-m' '-march=armv6s-m']
  ignore line: [ /opt/arm-toolchain/bin/../lib/gcc/arm-none-eabi/10.3.1/../../../../arm-none-eabi/bin/as -v -march=armv6s-m -mfloat-abi=soft -meabi=5 -o CMakeFiles/cmTC_18aed.dir/CMakeCXXCompilerABI.cpp.o /tmp/ccsTwmKs.s]
  ignore line: [GNU assembler version 2.36.1 (arm-none-eabi) using BFD version (GNU Arm Embedded Toolchain 10.3-2021.07) 2.36.1.20210621]
  ignore line: [COMPILER_PATH=/opt/arm-toolchain/bin/../lib/gcc/arm-none-eabi/10.3.1/:/opt/arm-toolchain/bin/../lib/gcc/:/opt/arm-toolchain/bin/../lib/gcc/arm-none-eabi/10.3.1/../../../../arm-none-eabi/bin/]
  ignore line: [LIBRARY_PATH=/opt/arm-toolchain/bin/../lib/gcc/arm-none-eabi/10.3.1/thumb/v6-m/nofp/:/opt/arm-toolchain/bin/../lib/gcc/arm-none-eabi/10.3.1/../../../../arm-none-eabi/lib/thumb/v6-m/nofp/:/opt/arm-toolchain/bin/../arm-none-eabi/lib/thumb/v6-m/nofp/:/opt/arm-toolchain/bin/../lib/gcc/arm-none-eabi/10.3.1/:/opt/arm-toolchain/bin/../lib/gcc/:/opt/arm-toolchain/bin/../lib/gcc/arm-none-eabi/10.3.1/../../../../arm-none-eabi/lib/:/opt/arm-toolchain/bin/../arm-none-eabi/lib/]
  ignore line: [COLLECT_GCC_OPTIONS='-mcpu=cortex-m0plus' '-mthumb' '-v' '-o' 'CMakeFiles/cmTC_18aed.dir/CMakeCXXCompilerABI.cpp.o' '-c' '-mfloat-abi=soft' '-mlibarch=armv6s-m' '-march=armv6s-m']
  ignore line: [Linking CXX executable cmTC_18aed.elf]
  ignore line: [/usr/bin/cmake -E cmake_link_script CMakeFiles/cmTC_18aed.dir/link.txt --verbose=1]
  ignore line: [/opt/arm-toolchain/bin/arm-none-eabi-g++ -mcpu=cortex-m0plus -mthumb  -Wl --build-id=none -nostdlib  -v CMakeFiles/cmTC_18aed.dir/CMakeCXXCompilerABI.cpp.o -o cmTC_18aed.elf ]
  ignore line: [Using built-in specs.]
  ignore line: [COLLECT_GCC=/opt/arm-toolchain/bin/arm-none-eabi-g++]
  ignore line: [COLLECT_LTO_WRAPPER=/opt/arm-toolchain/bin/../lib/gcc/arm-none-eabi/10.3.1/lto-wrapper]
  ignore line: [Target: arm-none-eabi]
  ignore line: [Configured with: /mnt/workspace/workspace/GCC-10-pipeline/jenkins-GCC-10-pipeline-260_20210727_1627371386/src/gcc/configure --target=arm-none-eabi --prefix=/mnt/workspace/workspace/GCC-10-pipeline/jenkins-GCC-10-pipeline-260_20210727_1627371386/install-native --libexecdir=/mnt/workspace/workspace/GCC-10-pipeline/jenkins-GCC-10-pipeline-260_20210727_1627371386/install-native/lib --infodir=/mnt/workspace/workspace/GCC-10-pipeline/jenkins-GCC-10-pipeline-260_20210727_1627371386/install-native/share/doc/gcc-arm-none-eabi/info --mandir=/mnt/workspace/workspace/GCC-10-pipeline/jenkins-GCC-10-pipeline-260_20210727_1627371386/install-native/share/doc/gcc-arm-none-eabi/man --htmldir=/mnt/workspace/workspace/GCC-10-pipeline/jenkins-GCC-10-pipeline-260_20210727_1627371386/install-native/share/doc/gcc-arm-none-eabi/html --pdfdir=/mnt/workspace/workspace/GCC-10-pipeline/jenkins-GCC-10-pipeline-260_20210727_1627371386/install-native/share/doc/gcc-arm-none-eabi/pdf --enable-languages=c,c++ --enable-plugins --disable-decimal-float --disable-libffi --disable-libgomp --disable-libmudflap --disable-libquadmath --disable-libssp --disable-libstdcxx-pch --disable-nls --disable-shared --disable-threads --disable-tls --with-gnu-as --with-gnu-ld --with-newlib --with-headers=yes --with-python-dir=share/gcc-arm-none-eabi --with-sysroot=/mnt/workspace/workspace/GCC-10-pipeline/jenkins-GCC-10-pipeline-260_20210727_1627371386/install-native/arm-none-eabi --build=x86_64-linux-gnu --host=x86_64-linux-gnu --with-gmp=/mnt/workspace/workspace/GCC-10-pipeline/jenkins-GCC-10-pipeline-260_20210727_1627371386/build-native/host-libs/usr --with-mpfr=/mnt/workspace/workspace/GCC-10-pipeline/jenkins-GCC-10-pipeline-260_20210727_1627371386/build-native/host-libs/usr --with-mpc=/mnt/workspace/workspace/GCC-10-pipeline/jenkins-GCC-10-pipeline-260_20210727_1627371386/build-native/host-libs/usr --with-isl=/mnt/workspace/workspace/GCC-10-pipeline/jenkins-GCC-10-pipeline-260_20210727_1627371386/build-native/host-libs/usr --with-libelf=/mnt/workspace/workspace/GCC-10-pipeline/jenkins-GCC-10-pipeline-260_20210727_1627371386/build-native/host-libs/usr --with-host-libstdcxx='-static-libgcc -Wl,-Bstatic,-lstdc++,-Bdynamic -lm' --with-pkgversion='GNU Arm Embedded Toolchain 10.3-2021.07' --with-multilib-list=rmprofile,aprofile]
  ignore line: [Thread model: single]
  ignore line: [Supported LTO compression algorithms: zlib]
  ignore line: [gcc version 10.3.1 20210621 (release) (GNU Arm Embedded Toolchain 10.3-2021.07) ]
  ignore line: [COMPILER_PATH=/opt/arm-toolchain/bin/../lib/gcc/arm-none-eabi/10.3.1/:/opt/arm-toolchain/bin/../lib/gcc/:/opt/arm-toolchain/bin/../lib/gcc/arm-none-eabi/10.3.1/../../../../arm-none-eabi/bin/]
  ignore line: [LIBRARY_PATH=/opt/arm-toolchain/bin/../lib/gcc/arm-none-eabi/10.3.1/thumb/v6-m/nofp/:/opt/arm-toolchain/bin/../lib/gcc/arm-none-eabi/10.3.1/../../../../arm-none-eabi/lib/thumb/v6-m/nofp/:/opt/arm-toolchain/bin/../arm-none-eabi/lib/thumb/v6-m/nofp/:/opt/arm-toolchain/bin/../lib/gcc/arm-none-eabi/10.3.1/:/opt/arm-toolchain/bin/../lib/gcc/:/opt/arm-toolchain/bin/../lib/gcc/arm-none-eabi/10.3.1/../../../../arm-none-eabi/lib/:/opt/arm-toolchain/bin/../arm-none-eabi/lib/]
  ignore line: [COLLECT_GCC_OPTIONS='-mcpu=cortex-m0plus' '-mthumb' '-nostdlib' '-v' '-o' 'cmTC_18aed.elf' '-mfloat-abi=soft' '-mlibarch=armv6s-m' '-march=armv6s-m']
  link line: [ /opt/arm-toolchain/bin/../lib/gcc/arm-none-eabi/10.3.1/collect2 -plugin /opt/arm-toolchain/bin/../lib/gcc/arm-none-eabi/10.3.1/liblto_plugin.so -plugin-opt=/opt/arm-toolchain/bin/../lib/gcc/arm-none-eabi/10.3.1/lto-wrapper -plugin-opt=-fresolution=/tmp/ccLfKu8C.res --sysroot=/opt/arm-toolchain/bin/../arm-none-eabi -X -o cmTC_18aed.elf -L/opt/arm-toolchain/bin/../lib/gcc/arm-none-eabi/10.3.1/thumb/v6-m/nofp -L/opt/arm-toolchain/bin/../lib/gcc/arm-none-eabi/10.3.1/../../../../arm-none-eabi/lib/thumb/v6-m/nofp -L/opt/arm-toolchain/bin/../arm-none-eabi/lib/thumb/v6-m/nofp -L/opt/arm-toolchain/bin/../lib/gcc/arm-none-eabi/10.3.1 -L/opt/arm-toolchain/bin/../lib/gcc -L/opt/arm-toolchain/bin/../lib/gcc/arm-none-eabi/10.3.1/../../../../arm-none-eabi/lib -L/opt/arm-toolchain/bin/../arm-none-eabi/lib --build-id=none CMakeFiles/cmTC_18aed.dir/CMakeCXXCompilerABI.cpp.o]
    arg [/opt/arm-toolchain/bin/../lib/gcc/arm-none-eabi/10.3.1/collect2] ==> ignore
    arg [-plugin] ==> ignore
    arg [/opt/arm-toolchain/bin/../lib/gcc/arm-none-eabi/10.3.1/liblto_plugin.so] ==> ignore
    arg [-plugin-opt=/opt/arm-toolchain/bin/../lib/gcc/arm-none-eabi/10.3.1/lto-wrapper] ==> ignore
    arg [-plugin-opt=-fresolution=/tmp/ccLfKu8C.res] ==> ignore
    arg [--sysroot=/opt/arm-toolchain/bin/../arm-none-eabi] ==> ignore
    arg [-X] ==> ignore
    arg [-o] ==> ignore
    arg [cmTC_18aed.elf] ==> ignore
    arg [-L/opt/arm-toolchain/bin/../lib/gcc/arm-none-eabi/10.3.1/thumb/v6-m/nofp] ==> dir [/opt/arm-toolchain/bin/../lib/gcc/arm-none-eabi/10.3.1/thumb/v6-m/nofp]
    arg [-L/opt/arm-toolchain/bin/../lib/gcc/arm-none-eabi/10.3.1/../../../../arm-none-eabi/lib/thumb/v6-m/nofp] ==> dir [/opt/arm-toolchain/bin/../lib/gcc/arm-none-eabi/10.3.1/../../../../arm-none-eabi/lib/thumb/v6-m/nofp]
    arg [-L/opt/arm-toolchain/bin/../arm-none-eabi/lib/thumb/v6-m/nofp] ==> dir [/opt/arm-toolchain/bin/../arm-none-eabi/lib/thumb/v6-m/nofp]
    arg [-L/opt/arm-toolchain/bin/../lib/gcc/arm-none-eabi/10.3.1] ==> dir [/opt/arm-toolchain/bin/../lib/gcc/arm-none-eabi/10.3.1]
    arg [-L/opt/arm-toolchain/bin/../lib/gcc] ==> dir [/opt/arm-toolchain/bin/../lib/gcc]
    arg [-L/opt/arm-toolchain/bin/../lib/gcc/arm-none-eabi/10.3.1/../../../../arm-none-eabi/lib] ==> dir [/opt/arm-toolchain/bin/../lib/gcc/arm-none-eabi/10.3.1/../../../../arm-none-eabi/lib]
    arg [-L/opt/arm-toolchain/bin/../arm-none-eabi/lib] ==> dir [/opt/arm-toolchain/bin/../arm-none-eabi/lib]
    arg [--build-id=none] ==> ignore
    arg [CMakeFiles/cmTC_18aed.dir/CMakeCXXCompilerABI.cpp.o] ==> ignore
  collapse library dir [/opt/arm-toolchain/bin/../lib/gcc/arm-none-eabi/10.3.1/thumb/v6-m/nofp] ==> [/opt/arm-toolchain/lib/gcc/arm-none-eabi/10.3.1/thumb/v6-m/nofp]
  collapse library dir [/opt/arm-toolchain/bin/../lib/gcc/arm-none-eabi/10.3.1/../../../../arm-none-eabi/lib/thumb/v6-m/nofp] ==> [/opt/arm-toolchain/arm-none-eabi/lib/thumb/v6-m/nofp]
  collapse library dir [/opt/arm-toolchain/bin/../arm-none-eabi/lib/thumb/v6-m/nofp] ==> [/opt/arm-toolchain/arm-none-eabi/lib/thumb/v6-m/nofp]
  collapse library dir [/opt/arm-toolchain/bin/../lib/gcc/arm-none-eabi/10.3.1] ==> [/opt/arm-toolchain/lib/gcc/arm-none-eabi/10.3.1]
  collapse library dir [/opt/arm-toolchain/bin/../lib/gcc] ==> [/opt/arm-toolchain/lib/gcc]
  collapse library dir [/opt/arm-toolchain/bin/../lib/gcc/arm-none-eabi/10.3.1/../../../../arm-none-eabi/lib] ==> [/opt/arm-toolchain/arm-none-eabi/lib]
  collapse library dir [/opt/arm-toolchain/bin/../arm-none-eabi/lib] ==> [/opt/arm-toolchain/arm-none-eabi/lib]
  implicit libs: []
  implicit objs: []
  implicit dirs: [/opt/arm-toolchain/lib/gcc/arm-none-eabi/10.3.1/thumb/v6-m/nofp;/opt/arm-toolchain/arm-none-eabi/lib/thumb/v6-m/nofp;/opt/arm-toolchain/lib/gcc/arm-none-eabi/10.3.1;/opt/arm-toolchain/lib/gcc;/opt/arm-toolchain/arm-none-eabi/lib]
  implicit fwks: []


